<?xml version="1.0" encoding="UTF-8"?>
<!-- Generated by org.testng.reporters.JUnitReportReporter -->
<testsuite skipped="0" hostname="S3LAP700" name="com.qa.test.Vehicle" tests="4" failures="0" timestamp="17 Jul 2020 09:42:11 GMT" time="32.783" errors="0">
  <testcase name="verifyPageTitle" time="6.681" classname="com.qa.test.Vehicle"/>
  <testcase name="verifySubmitButton" time="11.622" classname="com.qa.test.Vehicle"/>
  <testcase name="verifyHomePageHeader" time="6.580" classname="com.qa.test.Vehicle"/>
  <testcase name="verifyVehicleListOfValues" time="7.900" classname="com.qa.test.Vehicle"/>
</testsuite> <!-- com.qa.test.Vehicle -->
