<?xml version="1.0" encoding="UTF-8"?>
<!-- Generated by org.testng.reporters.JUnitReportReporter -->
<testsuite skipped="0" hostname="S3LAP700" name="com.qa.test.Testing_Groups" tests="4" failures="0" timestamp="19 Jul 2020 05:46:57 GMT" time="32.666" errors="0">
  <testcase name="verify_VehicleListOfValues" time="6.951" classname="com.qa.test.Testing_Groups"/>
  <testcase name="verifyHomePageHeader" time="7.201" classname="com.qa.test.Testing_Groups"/>
  <testcase name="verify_SubmitButton" time="11.693" classname="com.qa.test.Testing_Groups"/>
  <testcase name="verifyPageTitle" time="6.821" classname="com.qa.test.Testing_Groups"/>
</testsuite> <!-- com.qa.test.Testing_Groups -->
