<?xml version="1.0" encoding="UTF-8"?>
<!-- Generated by org.testng.reporters.JUnitReportReporter -->
<testsuite skipped="0" hostname="S3LAP700" name="com.qa.test.Testing" tests="6" failures="0" timestamp="24 Jul 2020 07:04:51 GMT" time="50.770" errors="0">
  <testcase name="verifyPageTitle" time="6.969" classname="com.qa.test.Testing"/>
  <testcase name="verify_VehicleListOfValues" time="6.463" classname="com.qa.test.Testing"/>
  <testcase name="verifySubmitButton" time="12.016" classname="com.qa.test.Testing"/>
  <testcase name="verifyHomePageHeader" time="7.230" classname="com.qa.test.Testing"/>
  <testcase name="verifyVehicleListOfValues" time="6.735" classname="com.qa.test.Testing"/>
  <testcase name="verify_SubmitButton" time="11.357" classname="com.qa.test.Testing"/>
</testsuite> <!-- com.qa.test.Testing -->
