<?xml version="1.0" encoding="UTF-8"?>
<!-- Generated by org.testng.reporters.JUnitReportReporter -->
<testsuite skipped="2" hostname="S3LAP700" name="com.qa.test.Sanity" tests="2" failures="0" timestamp="20 Jul 2020 10:50:28 GMT" time="0.000" errors="0">
  <testcase name="verifySubmitButton" time="0.000" classname="com.qa.test.Sanity">
    <skipped/>
  </testcase> <!-- verifySubmitButton -->
  <testcase name="verifyVehicleListOfValues" time="0.000" classname="com.qa.test.Sanity">
    <skipped/>
  </testcase> <!-- verifyVehicleListOfValues -->
</testsuite> <!-- com.qa.test.Sanity -->
