<?xml version="1.0" encoding="UTF-8"?>
<!-- Generated by org.testng.reporters.JUnitReportReporter -->
<testsuite skipped="0" hostname="S3LAP700" name="com.qa.test.Vehicle" tests="4" failures="0" timestamp="09 Jul 2020 15:54:36 GMT" time="33.333" errors="0">
  <testcase name="verifyPageTitle" time="6.756" classname="com.qa.test.Vehicle"/>
  <testcase name="verifySubmitButton" time="11.691" classname="com.qa.test.Vehicle"/>
  <testcase name="verifyHomePageHeader" time="8.276" classname="com.qa.test.Vehicle"/>
  <testcase name="verifyVehicleListOfValues" time="6.610" classname="com.qa.test.Vehicle"/>
</testsuite> <!-- com.qa.test.Vehicle -->
